<?xml version="1.0" encoding="UTF-8"?>
<testng-results ignored="0" total="1" passed="1" failed="0" skipped="0">
  <reporter-output>
  </reporter-output>
  <suite started-at="2020-09-18T08:49:20Z" name="Default suite" finished-at="2020-09-18T08:50:36Z" duration-ms="75635">
    <groups>
    </groups>
    <test started-at="2020-09-18T08:49:20Z" name="Default test" finished-at="2020-09-18T08:50:36Z" duration-ms="75635">
      <class name="com.qa.testcases.LoginTestCRM">
        <test-method is-config="true" signature="setupSuit()[pri:0, instance:com.qa.testcases.LoginTestCRM@6e75aa0d]" started-at="2020-09-18T08:49:19Z" name="setupSuit" finished-at="2020-09-18T08:49:20Z" duration-ms="803" status="PASS">
          <reporter-output>
          </reporter-output>
        </test-method> <!-- setupSuit -->
        <test-method is-config="true" signature="setup()[pri:0, instance:com.qa.testcases.LoginTestCRM@6e75aa0d]" started-at="2020-09-18T08:49:20Z" name="setup" finished-at="2020-09-18T08:50:04Z" duration-ms="43743" status="PASS">
          <reporter-output>
          </reporter-output>
        </test-method> <!-- setup -->
        <test-method signature="loginApp()[pri:0, instance:com.qa.testcases.LoginTestCRM@6e75aa0d]" started-at="2020-09-18T08:50:04Z" name="loginApp" finished-at="2020-09-18T08:50:35Z" duration-ms="30828" status="PASS">
          <reporter-output>
          </reporter-output>
        </test-method> <!-- loginApp -->
        <test-method is-config="true" signature="teardownMethod(org.testng.ITestResult)[pri:0, instance:com.qa.testcases.LoginTestCRM@6e75aa0d]" started-at="2020-09-18T08:50:35Z" name="teardownMethod" finished-at="2020-09-18T08:50:35Z" duration-ms="20" status="PASS">
          <params>
            <param index="0">
              <value>
                <![CDATA[[TestResult name=loginApp status=SUCCESS method=LoginTestCRM.loginApp()[pri:0, instance:com.qa.testcases.LoginTestCRM@6e75aa0d] output={null}]]]>
              </value>
            </param>
          </params>
          <reporter-output>
          </reporter-output>
        </test-method> <!-- teardownMethod -->
        <test-method is-config="true" signature="teardown()[pri:0, instance:com.qa.testcases.LoginTestCRM@6e75aa0d]" started-at="2020-09-18T08:50:35Z" name="teardown" finished-at="2020-09-18T08:50:36Z" duration-ms="804" status="PASS">
          <reporter-output>
          </reporter-output>
        </test-method> <!-- teardown -->
      </class> <!-- com.qa.testcases.LoginTestCRM -->
    </test> <!-- Default test -->
  </suite> <!-- Default suite -->
</testng-results>
